<?xml version="1.0" encoding="UTF-8"?>
<!-- Generated by org.testng.reporters.JUnitReportReporter -->
<testsuite hostname="LTIN480255" failures="0" tests="2" name="pages.LoginPageTest" time="0.905" errors="0" timestamp="2025-06-20T17:27:58 IST" skipped="0">
  <testcase classname="pages.LoginPageTest" name="testPositiveLogin" time="0.558"/>
  <system-out/>
  <testcase classname="pages.LoginPageTest" name="testNegativeLogin" time="0.347"/>
  <system-out/>
</testsuite> <!-- pages.LoginPageTest -->
