<?xml version="1.0" encoding="UTF-8"?>
<!-- Generated by org.testng.reporters.JUnitReportReporter -->
<testsuite hostname="LTIN480255" failures="0" tests="1" name="tests.StudentTravelInsuranceTest" time="16.800" errors="0" timestamp="2025-07-15T17:10:26 IST" skipped="0">
  <testcase classname="tests.StudentTravelInsuranceTest" name="testCarInsuranceFlow" time="16.800"/>
</testsuite> <!-- tests.StudentTravelInsuranceTest -->
