<?xml version="1.0" encoding="UTF-8"?>
<!-- Generated by org.testng.reporters.JUnitReportReporter -->
<testsuite hostname="LTIN480255" failures="0" tests="1" name="tests.AddEditEmployeeTest" time="14.905" errors="0" timestamp="2025-07-18T12:00:32 IST" skipped="0">
  <testcase classname="tests.AddEditEmployeeTest" name="testAddEditEmployee" time="14.905"/>
</testsuite> <!-- tests.AddEditEmployeeTest -->
