<?xml version="1.0" encoding="UTF-8"?>
<!-- Generated by org.testng.reporters.JUnitReportReporter -->
<testsuite hostname="LTIN480255" failures="0" tests="1" name="tests.AddEditEmployeeTest" time="42.315" errors="0" timestamp="2025-06-23T15:37:08 IST" skipped="0">
  <testcase classname="tests.AddEditEmployeeTest" name="testAddEditEmployee" time="42.315"/>
</testsuite> <!-- tests.AddEditEmployeeTest -->
