<?xml version="1.0" encoding="UTF-8"?>
<!-- Generated by org.testng.reporters.JUnitReportReporter -->
<testsuite hostname="LTIN480255" failures="0" tests="8" name="myPacKagE.FirstTestNgDemo" time="0.026" errors="0" timestamp="2025-06-18T17:03:01 IST" skipped="0">
  <testcase classname="myPacKagE.FirstTestNgDemo" name="testAdding" time="0.001"/>
  <system-out/>
  <testcase classname="myPacKagE.FirstTestNgDemo" name="testSubtracting" time="0.000"/>
  <system-out/>
  <testcase classname="myPacKagE.FirstTestNgDemo" name="testAdding" time="0.014"/>
  <system-out/>
  <testcase classname="myPacKagE.FirstTestNgDemo" name="testAddition" time="0.003"/>
  <system-out/>
  <testcase classname="myPacKagE.FirstTestNgDemo" name="testSubtracting" time="0.002"/>
  <system-out/>
  <testcase classname="myPacKagE.FirstTestNgDemo" name="testSubtraction" time="0.002"/>
  <system-out/>
  <testcase classname="myPacKagE.FirstTestNgDemo" name="testAdding" time="0.002"/>
  <system-out/>
  <testcase classname="myPacKagE.FirstTestNgDemo" name="testSubtracting" time="0.002"/>
  <system-out/>
</testsuite> <!-- myPacKagE.FirstTestNgDemo -->
