<?xml version="1.0" encoding="UTF-8"?>
<!-- Generated by org.testng.reporters.JUnitReportReporter -->
<testsuite hostname="LTIN480255" failures="0" tests="2" name="testCasae.DataTest" time="0.013" errors="0" timestamp="2025-06-13T16:21:11 IST" skipped="0">
  <testcase classname="testCasae.DataTest" name="MethodA" time="0.013"/>
  <testcase classname="testCasae.DataTest" name="MethodA" time="0.000"/>
</testsuite> <!-- testCasae.DataTest -->
