<?xml version="1.0" encoding="UTF-8"?>
<!-- Generated by org.testng.reporters.JUnitReportReporter -->
<testsuite hostname="LTIN480255" failures="0" tests="2" name="testCasae.LoginTest" time="0.002" errors="0" timestamp="2025-06-13T15:33:00 IST" skipped="0">
  <testcase classname="testCasae.LoginTest" name="login" time="0.001"/>
  <testcase classname="testCasae.LoginTest" name="logout" time="0.001"/>
</testsuite> <!-- testCasae.LoginTest -->
