<?xml version="1.0" encoding="UTF-8"?>
<!-- Generated by org.testng.reporters.JUnitReportReporter -->
<testsuite hostname="LTIN480255" failures="0" tests="2" name="testCasae.AnnotationTest" time="0.008" errors="0" timestamp="2025-06-13T15:33:40 IST" skipped="0">
  <testcase classname="testCasae.AnnotationTest" name="paymentA" time="0.007"/>
  <testcase classname="testCasae.AnnotationTest" name="paymentB" time="0.001"/>
</testsuite> <!-- testCasae.AnnotationTest -->
