<?xml version="1.0" encoding="UTF-8"?>
<!-- Generated by org.testng.reporters.JUnitReportReporter -->
<testsuite hostname="LTIN480255" failures="0" tests="3" name="testCasae.PriorityTest" time="0.022" errors="0" timestamp="2025-06-13T16:01:58 IST" skipped="0">
  <testcase classname="testCasae.PriorityTest" name="methodC" time="0.019"/>
  <testcase classname="testCasae.PriorityTest" name="methodB" time="0.002"/>
  <testcase classname="testCasae.PriorityTest" name="methodA" time="0.001"/>
</testsuite> <!-- testCasae.PriorityTest -->
