<?xml version="1.0" encoding="UTF-8"?>
<!-- Generated by org.testng.reporters.JUnitReportReporter -->
<testsuite hostname="LTIN480255" failures="0" tests="3" name="testCasae.SeleniumTest" time="27.382" errors="0" timestamp="2025-06-13T16:15:54 IST" skipped="0">
  <testcase classname="testCasae.SeleniumTest" name="methodA" time="9.444"/>
  <testcase classname="testCasae.SeleniumTest" name="methodB" time="7.983"/>
  <testcase classname="testCasae.SeleniumTest" name="method" time="9.955"/>
</testsuite> <!-- testCasae.SeleniumTest -->
