<?xml version="1.0" encoding="UTF-8"?>
<!-- Generated by org.testng.reporters.JUnitReportReporter -->
<testsuite hostname="LTIN480255" failures="0" tests="3" name="tests.StudentTravelInsuranceTest" time="21.938" errors="0" timestamp="2025-07-18T10:53:28 IST" skipped="0">
  <testcase classname="tests.StudentTravelInsuranceTest" name="testCarInsuranceFlow" time="6.957"/>
  <system-out/>
  <testcase classname="tests.StudentTravelInsuranceTest" name="testTravelInsuranceFlow" time="11.388"/>
  <system-out/>
  <testcase classname="tests.StudentTravelInsuranceTest" name="testMedicalInsuranceFlow" time="3.593"/>
  <system-out/>
</testsuite> <!-- tests.StudentTravelInsuranceTest -->
