<?xml version="1.0" encoding="UTF-8"?>
<!-- Generated by org.testng.reporters.JUnitReportReporter -->
<testsuite hostname="LTIN480255" failures="0" tests="1" name="com.cts.cucumberDemo.runners.TestNGRunner" time="6.779" errors="0" timestamp="2025-07-03T15:38:29 IST" skipped="0">
  <testcase classname="com.cts.cucumberDemo.runners.TestNGRunner" name="runScenario" time="6.779"/>
</testsuite> <!-- com.cts.cucumberDemo.runners.TestNGRunner -->
