<?xml version="1.0" encoding="UTF-8"?>
<!-- Generated by org.testng.reporters.JUnitReportReporter -->
<testsuite hostname="LTIN466901" failures="0" tests="1" name="testcases.HealthInsuranceTest" time="7.839" errors="0" timestamp="2025-07-04T11:10:08 IST" skipped="0">
  <testcase classname="testcases.HealthInsuranceTest" name="testHealthInsuranceMenu" time="7.839"/>
</testsuite> <!-- testcases.HealthInsuranceTest -->
