<?xml version="1.0" encoding="UTF-8"?>
<!-- Generated by org.testng.reporters.JUnitReportReporter -->
<testsuite hostname="LTIN466901" failures="0" tests="1" name="testcases.CarInsuranceTest" time="17.511" errors="0" timestamp="2025-07-04T11:10:08 IST" skipped="0">
  <testcase classname="testcases.CarInsuranceTest" name="testCarInsuranceFlow" time="17.511"/>
</testsuite> <!-- testcases.CarInsuranceTest -->
